0 info it worked if it ends with ok
1 verbose cli [ 'node', '/usr/local/bin/npm', 'publish' ]
2 info using npm@1.4.3
3 info using node@v0.10.26
4 verbose publish [ '.' ]
5 verbose cache add [ '.', null ]
6 verbose cache add name=undefined spec="." args=[".",null]
7 verbose parsed url { protocol: null,
7 verbose parsed url   slashes: null,
7 verbose parsed url   auth: null,
7 verbose parsed url   host: null,
7 verbose parsed url   port: null,
7 verbose parsed url   hostname: null,
7 verbose parsed url   hash: null,
7 verbose parsed url   search: null,
7 verbose parsed url   query: null,
7 verbose parsed url   pathname: '.',
7 verbose parsed url   path: '.',
7 verbose parsed url   href: '.' }
8 silly lockFile 3a52ce78- .
9 verbose lock . /Users/jeffscottward/.npm/3a52ce78-.lock
10 verbose tar pack [ '/var/folders/c7/5nbkwl595917v11v__s15sw80000gn/T/npm-81460-gWblE2WR/1396826013001-0.03255971916951239/tmp.tgz',
10 verbose tar pack   '.' ]
11 verbose tarball /var/folders/c7/5nbkwl595917v11v__s15sw80000gn/T/npm-81460-gWblE2WR/1396826013001-0.03255971916951239/tmp.tgz
12 verbose folder .
13 info prepublish speakerbox@0.0.2
14 silly lockFile 1f1177db-tar tar://.
15 verbose lock tar://. /Users/jeffscottward/.npm/1f1177db-tar.lock
16 silly lockFile 0aedad6b-3001-0-03255971916951239-tmp-tgz tar:///var/folders/c7/5nbkwl595917v11v__s15sw80000gn/T/npm-81460-gWblE2WR/1396826013001-0.03255971916951239/tmp.tgz
17 verbose lock tar:///var/folders/c7/5nbkwl595917v11v__s15sw80000gn/T/npm-81460-gWblE2WR/1396826013001-0.03255971916951239/tmp.tgz /Users/jeffscottward/.npm/0aedad6b-3001-0-03255971916951239-tmp-tgz.lock
18 silly lockFile 1f1177db-tar tar://.
19 silly lockFile 1f1177db-tar tar://.
20 silly lockFile 0aedad6b-3001-0-03255971916951239-tmp-tgz tar:///var/folders/c7/5nbkwl595917v11v__s15sw80000gn/T/npm-81460-gWblE2WR/1396826013001-0.03255971916951239/tmp.tgz
21 silly lockFile 0aedad6b-3001-0-03255971916951239-tmp-tgz tar:///var/folders/c7/5nbkwl595917v11v__s15sw80000gn/T/npm-81460-gWblE2WR/1396826013001-0.03255971916951239/tmp.tgz
22 verbose tar unpack /var/folders/c7/5nbkwl595917v11v__s15sw80000gn/T/npm-81460-gWblE2WR/1396826013001-0.03255971916951239/tmp.tgz
23 silly lockFile 521b9dbd-3001-0-03255971916951239-package tar:///var/folders/c7/5nbkwl595917v11v__s15sw80000gn/T/npm-81460-gWblE2WR/1396826013001-0.03255971916951239/package
24 verbose lock tar:///var/folders/c7/5nbkwl595917v11v__s15sw80000gn/T/npm-81460-gWblE2WR/1396826013001-0.03255971916951239/package /Users/jeffscottward/.npm/521b9dbd-3001-0-03255971916951239-package.lock
25 silly lockFile 0aedad6b-3001-0-03255971916951239-tmp-tgz tar:///var/folders/c7/5nbkwl595917v11v__s15sw80000gn/T/npm-81460-gWblE2WR/1396826013001-0.03255971916951239/tmp.tgz
26 verbose lock tar:///var/folders/c7/5nbkwl595917v11v__s15sw80000gn/T/npm-81460-gWblE2WR/1396826013001-0.03255971916951239/tmp.tgz /Users/jeffscottward/.npm/0aedad6b-3001-0-03255971916951239-tmp-tgz.lock
27 silly gunzTarPerm modes [ '755', '644' ]
28 silly gunzTarPerm extractEntry package.json
29 silly gunzTarPerm extractEntry README.md
30 silly gunzTarPerm extractEntry examples/demo.js
31 silly gunzTarPerm extractEntry lib/index.js
32 silly lockFile 521b9dbd-3001-0-03255971916951239-package tar:///var/folders/c7/5nbkwl595917v11v__s15sw80000gn/T/npm-81460-gWblE2WR/1396826013001-0.03255971916951239/package
33 silly lockFile 521b9dbd-3001-0-03255971916951239-package tar:///var/folders/c7/5nbkwl595917v11v__s15sw80000gn/T/npm-81460-gWblE2WR/1396826013001-0.03255971916951239/package
34 silly lockFile 0aedad6b-3001-0-03255971916951239-tmp-tgz tar:///var/folders/c7/5nbkwl595917v11v__s15sw80000gn/T/npm-81460-gWblE2WR/1396826013001-0.03255971916951239/tmp.tgz
35 silly lockFile 0aedad6b-3001-0-03255971916951239-tmp-tgz tar:///var/folders/c7/5nbkwl595917v11v__s15sw80000gn/T/npm-81460-gWblE2WR/1396826013001-0.03255971916951239/tmp.tgz
36 verbose tar pack [ '/Users/jeffscottward/.npm/speakerbox/0.0.2/package.tgz',
36 verbose tar pack   '/var/folders/c7/5nbkwl595917v11v__s15sw80000gn/T/npm-81460-gWblE2WR/1396826013001-0.03255971916951239/package' ]
37 verbose tarball /Users/jeffscottward/.npm/speakerbox/0.0.2/package.tgz
38 verbose folder /var/folders/c7/5nbkwl595917v11v__s15sw80000gn/T/npm-81460-gWblE2WR/1396826013001-0.03255971916951239/package
39 silly lockFile 521b9dbd-3001-0-03255971916951239-package tar:///var/folders/c7/5nbkwl595917v11v__s15sw80000gn/T/npm-81460-gWblE2WR/1396826013001-0.03255971916951239/package
40 verbose lock tar:///var/folders/c7/5nbkwl595917v11v__s15sw80000gn/T/npm-81460-gWblE2WR/1396826013001-0.03255971916951239/package /Users/jeffscottward/.npm/521b9dbd-3001-0-03255971916951239-package.lock
41 silly lockFile bef5029d-npm-speakerbox-0-0-2-package-tgz tar:///Users/jeffscottward/.npm/speakerbox/0.0.2/package.tgz
42 verbose lock tar:///Users/jeffscottward/.npm/speakerbox/0.0.2/package.tgz /Users/jeffscottward/.npm/bef5029d-npm-speakerbox-0-0-2-package-tgz.lock
43 silly lockFile 521b9dbd-3001-0-03255971916951239-package tar:///var/folders/c7/5nbkwl595917v11v__s15sw80000gn/T/npm-81460-gWblE2WR/1396826013001-0.03255971916951239/package
44 silly lockFile 521b9dbd-3001-0-03255971916951239-package tar:///var/folders/c7/5nbkwl595917v11v__s15sw80000gn/T/npm-81460-gWblE2WR/1396826013001-0.03255971916951239/package
45 silly lockFile bef5029d-npm-speakerbox-0-0-2-package-tgz tar:///Users/jeffscottward/.npm/speakerbox/0.0.2/package.tgz
46 silly lockFile bef5029d-npm-speakerbox-0-0-2-package-tgz tar:///Users/jeffscottward/.npm/speakerbox/0.0.2/package.tgz
47 silly lockFile cc1263f9-ard-npm-speakerbox-0-0-2-package /Users/jeffscottward/.npm/speakerbox/0.0.2/package
48 verbose lock /Users/jeffscottward/.npm/speakerbox/0.0.2/package /Users/jeffscottward/.npm/cc1263f9-ard-npm-speakerbox-0-0-2-package.lock
49 silly lockFile cc1263f9-ard-npm-speakerbox-0-0-2-package /Users/jeffscottward/.npm/speakerbox/0.0.2/package
50 silly lockFile cc1263f9-ard-npm-speakerbox-0-0-2-package /Users/jeffscottward/.npm/speakerbox/0.0.2/package
51 verbose tar unpack /Users/jeffscottward/.npm/speakerbox/0.0.2/package.tgz
52 silly lockFile dfa47323-ard-npm-speakerbox-0-0-2-package tar:///Users/jeffscottward/.npm/speakerbox/0.0.2/package
53 verbose lock tar:///Users/jeffscottward/.npm/speakerbox/0.0.2/package /Users/jeffscottward/.npm/dfa47323-ard-npm-speakerbox-0-0-2-package.lock
54 silly lockFile bef5029d-npm-speakerbox-0-0-2-package-tgz tar:///Users/jeffscottward/.npm/speakerbox/0.0.2/package.tgz
55 verbose lock tar:///Users/jeffscottward/.npm/speakerbox/0.0.2/package.tgz /Users/jeffscottward/.npm/bef5029d-npm-speakerbox-0-0-2-package-tgz.lock
56 silly gunzTarPerm modes [ '755', '644' ]
57 silly gunzTarPerm extractEntry package.json
58 silly gunzTarPerm extractEntry README.md
59 silly gunzTarPerm extractEntry examples/demo.js
60 silly gunzTarPerm extractEntry lib/index.js
61 silly lockFile dfa47323-ard-npm-speakerbox-0-0-2-package tar:///Users/jeffscottward/.npm/speakerbox/0.0.2/package
62 silly lockFile dfa47323-ard-npm-speakerbox-0-0-2-package tar:///Users/jeffscottward/.npm/speakerbox/0.0.2/package
63 silly lockFile bef5029d-npm-speakerbox-0-0-2-package-tgz tar:///Users/jeffscottward/.npm/speakerbox/0.0.2/package.tgz
64 silly lockFile bef5029d-npm-speakerbox-0-0-2-package-tgz tar:///Users/jeffscottward/.npm/speakerbox/0.0.2/package.tgz
65 verbose chmod /Users/jeffscottward/.npm/speakerbox/0.0.2/package.tgz 644
66 verbose chown /Users/jeffscottward/.npm/speakerbox/0.0.2/package.tgz [ 501, 20 ]
67 silly lockFile 3a52ce78- .
68 silly lockFile 3a52ce78- .
69 silly publish { name: 'speakerbox',
69 silly publish   version: '0.0.2',
69 silly publish   description: 'TTS(Text-To-Speech) Tool for the Web',
69 silly publish   main: './lib/index.js',
69 silly publish   author: { name: '@jeffscottward' },
69 silly publish   repository:
69 silly publish    { type: 'git',
69 silly publish      url: 'git://github.com/jeffscottward/speakerbox.git' },
69 silly publish   license: 'MIT',
69 silly publish   dependencies:
69 silly publish    { say: '^0.5.0',
69 silly publish      cheerio: '^0.14.0',
69 silly publish      request: '^2.34.0',
69 silly publish      sys: '0.0.1' },
69 silly publish   engines: { node: '*' },
69 silly publish   readme: '# SpeakerBox - Web Based TTS(Text-To-Speech) Tool\n## Installation\n```javascript\n npm install --save speakerbox // --save flag stores reference in package.json\n```\n## Require( ) into your app\n```javascript\nvar speakerbox = require(\'speakerbox\');\n```\n## Usage\n```javascript\nspeakerbox(\'URL\',\'DOM SELECTOR\', \'OPTIONAL SPEAKER\', OPTIONAL CALLBACK() );\n```\n## Example\n```javascript\nvar speakerbox = require(\'speakerbox\');\n// play Radiohead - Fitter Happier\nspeakerbox(\'http://songmeanings.com/songs/view/558/\',\'#textblock\');\n```\n## Available Voices\n| Guys    | Girls     | Others    |\n|:--------|:---------:|----------:|\n| Albert  | Agnes     | Bad News\n| Alex    | Kathy     | Bahh\n| Bruce   | Princess  | Bells\n| Fred    | Vicki     | Boing\n| Junior  | Victoria  | Cellos\n| Ralph   |           | Deranged\n|         |           | Good News\n|         |           | Hysterical\n|         |           | Pipe Organ\n|         |           | Trinoids\n|         |           | Whisper\n|         |           | Zarvox\n',
69 silly publish   readmeFilename: 'README.md',
69 silly publish   bugs: { url: 'https://github.com/jeffscottward/speakerbox/issues' },
69 silly publish   homepage: 'https://github.com/jeffscottward/speakerbox',
69 silly publish   _id: 'speakerbox@0.0.2',
69 silly publish   dist: { shasum: 'd2bbedce1fc1f158f128659b99de2aeac91f095e' },
69 silly publish   _from: '.' }
70 verbose url raw speakerbox
71 verbose url resolving [ 'https://registry.npmjs.org/', './speakerbox' ]
72 verbose url resolved https://registry.npmjs.org/speakerbox
73 info trying registry request attempt 1 at 19:13:33
74 http PUT https://registry.npmjs.org/speakerbox
75 http 403 https://registry.npmjs.org/speakerbox
76 error publish Failed PUT 403
77 error Error: forbidden cannot modify pre-existing version: 0.0.2
77 error old={"name":"speakerbox","version":"0.0.2","description":"TTS(Text-To-Speech) Tool for the Web","main":".lib/index.js","author":{"name":"@jeffscottward"},"repository":{"type":"git","url":"git://github.com/jeffscottward/speakerbox.git"},"license":"MIT","dependencies":{"say":"^0.5.0","cheerio":"^0.14.0","request":"^2.34.0","sys":"0.0.1"},"engines":{"node":"*"},"bugs":{"url":"https://github.com/jeffscottward/speakerbox/issues"},"homepage":"https://github.com/jeffscottward/speakerbox","_id":"speakerbox@0.0.2","dist":{"shasum":"fc2f8f090090fbe6e5780b69bc1017ed7f464502","tarball":"http://registry.npmjs.org/speakerbox/-/speakerbox-0.0.2.tgz"},"_from":".","_npmVersion":"1.4.3","_npmUser":{"name":"jeffscottward","email":"jsward.17@gmail.com"},"maintainers":[{"name":"jeffscottward","email":"jsward.17@gmail.com"}]}
77 error new={"name":"speakerbox","version":"0.0.2","description":"TTS(Text-To-Speech) Tool for the Web","main":"./lib/index.js","author":{"name":"@jeffscottward"},"repository":{"type":"git","url":"git://github.com/jeffscottward/speakerbox.git"},"license":"MIT","dependencies":{"say":"^0.5.0","cheerio":"^0.14.0","request":"^2.34.0","sys":"0.0.1"},"engines":{"node":"*"},"readme":"# SpeakerBox - Web Based TTS(Text-To-Speech) Tool\u000a## Installation\u000a```javascript\u000a npm install --save speakerbox // --save flag stores reference in package.json\u000a```\u000a## Require( ) into your app\u000a```javascript\u000avar speakerbox = require('speakerbox');\u000a```\u000a## Usage\u000a```javascript\u000aspeakerbox('URL','DOM SELECTOR', 'OPTIONAL SPEAKER', OPTIONAL CALLBACK() );\u000a```\u000a## Example\u000a```javascript\u000avar speakerbox = require('speakerbox');\u000a// play Radiohead - Fitter Happier\u000aspeakerbox('http://songmeanings.com/songs/view/558/','#textblock');\u000a```\u000a## Available Voices\u000a| Guys    | Girls     | Others    |\u000a|:--------|:---------:|----------:|\u000a| Albert  | Agnes     | Bad News\u000a| Alex    | Kathy     | Bahh\u000a| Bruce   | Princess  | Bells\u000a| Fred    | Vicki     | Boing\u000a| Junior  | Victoria  | Cellos\u000a| Ralph   |           | Deranged\u000a|         |           | Good News\u000a|         |           | Hysterical\u000a|         |           | Pipe Organ\u000a|         |           | Trinoids\u000a|         |           | Whisper\u000a|         |           | Zarvox\u000a","readmeFilename":"README.md","bugs":{"url":"https://github.com/jeffscottward/speakerbox/issues"},"homepage":"https://github.com/jeffscottward/speakerbox","_id":"speakerbox@0.0.2","dist":{"shasum":"d2bbedce1fc1f158f128659b99de2aeac91f095e","tarball":"http://registry.npmjs.org/speakerbox/-/speakerbox-0.0.2.tgz"},"_from":".","_npmVersion":"1.4.3","_npmUser":{"name":"jeffscottward","email":"jsward.17@gmail.com"},"maintainers":[{"name":"jeffscottward","email":"jsward.17@gmail.com"}]}: speakerbox
77 error     at RegClient.<anonymous> (/usr/local/lib/node_modules/npm/node_modules/npm-registry-client/lib/request.js:237:14)
77 error     at Request.self.callback (/usr/local/lib/node_modules/npm/node_modules/request/request.js:123:22)
77 error     at Request.EventEmitter.emit (events.js:98:17)
77 error     at Request.<anonymous> (/usr/local/lib/node_modules/npm/node_modules/request/request.js:893:14)
77 error     at Request.EventEmitter.emit (events.js:117:20)
77 error     at IncomingMessage.<anonymous> (/usr/local/lib/node_modules/npm/node_modules/request/request.js:844:12)
77 error     at IncomingMessage.EventEmitter.emit (events.js:117:20)
77 error     at _stream_readable.js:920:16
77 error     at process._tickCallback (node.js:415:13)
78 error If you need help, you may report this *entire* log,
78 error including the npm and node versions, at:
78 error     <http://github.com/npm/npm/issues>
79 error System Darwin 13.1.0
80 error command "node" "/usr/local/bin/npm" "publish"
81 error cwd /Users/jeffscottward/Documents/Development/Projects/speakerbox
82 error node -v v0.10.26
83 error npm -v 1.4.3
84 verbose exit [ 1, true ]
